<?xml version="1.0" encoding="UTF-8"?>
<!-- Generated by org.testng.reporters.JUnitXMLReporter -->
<testsuite hostname="FVFXX0JNHV2H.local" ignored="0" name="Automation with TestNG Cucumber" tests="2" failures="0" timestamp="06 Dec 2021 14:53:40 GMT" time="19.751" errors="0">
  <testcase name="runScenario" time="18.769" classname="io.cucumber.testng.AbstractTestNGCucumberTests"/>
  <testcase name="runScenario" time="19.074" classname="io.cucumber.testng.AbstractTestNGCucumberTests"/>
</testsuite> <!-- Automation with TestNG Cucumber -->
