<?xml version="1.0" encoding="UTF-8"?>
<testng-results skipped="0" failed="0" ignored="0" total="2" passed="2">
  <reporter-output>
  </reporter-output>
  <suite name="Automation with TestNG Cucumber" duration-ms="19751" started-at="2021-12-06T14:53:21Z" finished-at="2021-12-06T14:53:40Z">
    <groups>
      <group name="cucumber">
        <method signature="AbstractTestNGCucumberTests.runScenario(io.cucumber.testng.PickleWrapper, io.cucumber.testng.FeatureWrapper)[pri:0, instance:parallel.runners.parallelRunner@51efea79]" name="runScenario" class="io.cucumber.testng.AbstractTestNGCucumberTests"/>
      </group> <!-- cucumber -->
    </groups>
    <test name="Automation with TestNG Cucumber" duration-ms="19751" started-at="2021-12-06T14:53:21Z" finished-at="2021-12-06T14:53:40Z">
      <class name="parallel.runners.parallelRunner">
        <test-method status="PASS" signature="setUpClass()[pri:0, instance:parallel.runners.parallelRunner@51efea79]" name="setUpClass" is-config="true" duration-ms="343" started-at="2021-12-06T14:53:21Z" finished-at="2021-12-06T14:53:21Z">
          <reporter-output>
          </reporter-output>
        </test-method> <!-- setUpClass -->
        <test-method status="PASS" signature="runScenario(io.cucumber.testng.PickleWrapper, io.cucumber.testng.FeatureWrapper)[pri:0, instance:parallel.runners.parallelRunner@51efea79]" name="runScenario" duration-ms="19074" started-at="2021-12-06T14:53:21Z" description="Runs Cucumber Scenarios" data-provider="scenarios" finished-at="2021-12-06T14:53:40Z">
          <params>
            <param index="0">
              <value>
                <![CDATA["Scenario Bach 2"]]>
              </value>
            </param>
            <param index="1">
              <value>
                <![CDATA["Optional[Login into Application]"]]>
              </value>
            </param>
          </params>
          <reporter-output>
          </reporter-output>
        </test-method> <!-- runScenario -->
        <test-method status="PASS" signature="runScenario(io.cucumber.testng.PickleWrapper, io.cucumber.testng.FeatureWrapper)[pri:0, instance:parallel.runners.parallelRunner@51efea79]" name="runScenario" duration-ms="18769" started-at="2021-12-06T14:53:21Z" description="Runs Cucumber Scenarios" data-provider="scenarios" finished-at="2021-12-06T14:53:40Z">
          <params>
            <param index="0">
              <value>
                <![CDATA["Scenario Bach 1"]]>
              </value>
            </param>
            <param index="1">
              <value>
                <![CDATA["Optional[Login into Application]"]]>
              </value>
            </param>
          </params>
          <reporter-output>
          </reporter-output>
        </test-method> <!-- runScenario -->
        <test-method status="PASS" signature="tearDownClass()[pri:0, instance:parallel.runners.parallelRunner@51efea79]" name="tearDownClass" is-config="true" duration-ms="15" started-at="2021-12-06T14:53:40Z" finished-at="2021-12-06T14:53:40Z">
          <reporter-output>
          </reporter-output>
        </test-method> <!-- tearDownClass -->
      </class> <!-- parallel.runners.parallelRunner -->
    </test> <!-- Automation with TestNG Cucumber -->
  </suite> <!-- Automation with TestNG Cucumber -->
</testng-results>
